[05-Jun-2024 20:01:25 Europe/Berlin] PHP Warning:  require(fpdf.php): Failed to open stream: No such file or directory in C:\xampp\htdocs\Aplikacja Webowa\generate_pdf.php on line 9
[05-Jun-2024 20:01:25 Europe/Berlin] PHP Fatal error:  Uncaught Error: Failed opening required 'fpdf.php' (include_path='C:\xampp\php\PEAR') in C:\xampp\htdocs\Aplikacja Webowa\generate_pdf.php:9
Stack trace:
#0 {main}
  thrown in C:\xampp\htdocs\Aplikacja Webowa\generate_pdf.php on line 9
[05-Jun-2024 20:04:56 Europe/Berlin] PHP Warning:  require(C:\xampp\htdocs\Aplikacja Webowa/fpdf/fpdf.php): Failed to open stream: No such file or directory in C:\xampp\htdocs\Aplikacja Webowa\generate_pdf.php on line 9
[05-Jun-2024 20:04:56 Europe/Berlin] PHP Fatal error:  Uncaught Error: Failed opening required 'C:\xampp\htdocs\Aplikacja Webowa/fpdf/fpdf.php' (include_path='C:\xampp\php\PEAR') in C:\xampp\htdocs\Aplikacja Webowa\generate_pdf.php:9
Stack trace:
#0 {main}
  thrown in C:\xampp\htdocs\Aplikacja Webowa\generate_pdf.php on line 9
[05-Jun-2024 20:09:42 Europe/Berlin] Request received: Array
(
    [type] => month
    [month] => 2024-06
    [year] => NaN
)

[05-Jun-2024 20:09:42 Europe/Berlin] Transactions fetched: Array
(
    [0] => Array
        (
            [id] => 99
            [user_id] => 8
            [name] => ss
            [amount] => 2.00
            [category] => income
            [date] => 2024-06-11
            [goal_id] => 
            [fee_id] => 
        )

)

[05-Jun-2024 20:11:09 Europe/Berlin] Request received: Array
(
    [type] => month
    [month] => 2024-06
    [year] => NaN
)

[05-Jun-2024 20:11:09 Europe/Berlin] Transactions fetched: Array
(
    [0] => Array
        (
            [id] => 100
            [user_id] => 8
            [name] => cos
            [amount] => 50000.00
            [category] => income
            [date] => 2024-06-14
            [goal_id] => 
            [fee_id] => 
        )

    [1] => Array
        (
            [id] => 101
            [user_id] => 8
            [name] => sdad
            [amount] => 123.00
            [category] => income
            [date] => 2024-06-26
            [goal_id] => 
            [fee_id] => 
        )

    [2] => Array
        (
            [id] => 102
            [user_id] => 8
            [name] => ssss
            [amount] => -22222.00
            [category] => expense
            [date] => 2024-06-06
            [goal_id] => 
            [fee_id] => 
        )

    [3] => Array
        (
            [id] => 103
            [user_id] => 8
            [name] => Opłata - agd
            [amount] => -1032.00
            [category] => expense
            [date] => 2024-06-05
            [goal_id] => 
            [fee_id] => 28
        )

    [4] => Array
        (
            [id] => 104
            [user_id] => 8
            [name] => Opłata - kurwa
            [amount] => -876.00
            [category] => expense
            [date] => 2024-06-05
            [goal_id] => 
            [fee_id] => 29
        )

    [5] => Array
        (
            [id] => 105
            [user_id] => 8
            [name] => Zasilenie celu
            [amount] => -500.00
            [category] => expense
            [date] => 2024-06-05
            [goal_id] => 10
            [fee_id] => 
        )

)

[05-Jun-2024 20:13:00 Europe/Berlin] Request received: Array
(
    [type] => year
    [month] => 
    [year] => 2024
)

[05-Jun-2024 20:13:00 Europe/Berlin] Transactions fetched: Array
(
    [0] => Array
        (
            [id] => 100
            [user_id] => 8
            [name] => cos
            [amount] => 50000.00
            [category] => income
            [date] => 2024-06-14
            [goal_id] => 
            [fee_id] => 
        )

    [1] => Array
        (
            [id] => 101
            [user_id] => 8
            [name] => sdad
            [amount] => 123.00
            [category] => income
            [date] => 2024-06-26
            [goal_id] => 
            [fee_id] => 
        )

    [2] => Array
        (
            [id] => 102
            [user_id] => 8
            [name] => ssss
            [amount] => -22222.00
            [category] => expense
            [date] => 2024-06-06
            [goal_id] => 
            [fee_id] => 
        )

    [3] => Array
        (
            [id] => 103
            [user_id] => 8
            [name] => Opłata - agd
            [amount] => -1032.00
            [category] => expense
            [date] => 2024-06-05
            [goal_id] => 
            [fee_id] => 28
        )

    [4] => Array
        (
            [id] => 104
            [user_id] => 8
            [name] => Opłata - kurwa
            [amount] => -876.00
            [category] => expense
            [date] => 2024-06-05
            [goal_id] => 
            [fee_id] => 29
        )

    [5] => Array
        (
            [id] => 105
            [user_id] => 8
            [name] => Zasilenie celu
            [amount] => -500.00
            [category] => expense
            [date] => 2024-06-05
            [goal_id] => 10
            [fee_id] => 
        )

)

[05-Jun-2024 20:14:20 Europe/Berlin] PHP Warning:  require(C:\xampp\htdocs\Aplikacja Webowa/fpdf/fpdf.php): Failed to open stream: No such file or directory in C:\xampp\htdocs\Aplikacja Webowa\generate_pdf.php on line 9
[05-Jun-2024 20:14:20 Europe/Berlin] PHP Fatal error:  Uncaught Error: Failed opening required 'C:\xampp\htdocs\Aplikacja Webowa/fpdf/fpdf.php' (include_path='C:\xampp\php\PEAR') in C:\xampp\htdocs\Aplikacja Webowa\generate_pdf.php:9
Stack trace:
#0 {main}
  thrown in C:\xampp\htdocs\Aplikacja Webowa\generate_pdf.php on line 9
[05-Jun-2024 20:14:36 Europe/Berlin] Request received: Array
(
    [type] => month
    [month] => 2024-06
    [year] => NaN
)

[05-Jun-2024 20:14:36 Europe/Berlin] Transactions fetched: Array
(
    [0] => Array
        (
            [id] => 100
            [user_id] => 8
            [name] => cos
            [amount] => 50000.00
            [category] => income
            [date] => 2024-06-14
            [goal_id] => 
            [fee_id] => 
        )

    [1] => Array
        (
            [id] => 101
            [user_id] => 8
            [name] => sdad
            [amount] => 123.00
            [category] => income
            [date] => 2024-06-26
            [goal_id] => 
            [fee_id] => 
        )

    [2] => Array
        (
            [id] => 102
            [user_id] => 8
            [name] => ssss
            [amount] => -22222.00
            [category] => expense
            [date] => 2024-06-06
            [goal_id] => 
            [fee_id] => 
        )

    [3] => Array
        (
            [id] => 103
            [user_id] => 8
            [name] => Opłata - agd
            [amount] => -1032.00
            [category] => expense
            [date] => 2024-06-05
            [goal_id] => 
            [fee_id] => 28
        )

    [4] => Array
        (
            [id] => 104
            [user_id] => 8
            [name] => Opłata - kurwa
            [amount] => -876.00
            [category] => expense
            [date] => 2024-06-05
            [goal_id] => 
            [fee_id] => 29
        )

    [5] => Array
        (
            [id] => 105
            [user_id] => 8
            [name] => Zasilenie celu
            [amount] => -500.00
            [category] => expense
            [date] => 2024-06-05
            [goal_id] => 10
            [fee_id] => 
        )

)

[05-Jun-2024 20:16:13 Europe/Berlin] Request received: Array
(
    [type] => month
    [month] => 2024-06
    [year] => NaN
)

[05-Jun-2024 20:16:13 Europe/Berlin] Transactions fetched: Array
(
    [0] => Array
        (
            [id] => 100
            [user_id] => 8
            [name] => cos
            [amount] => 50000.00
            [category] => income
            [date] => 2024-06-14
            [goal_id] => 
            [fee_id] => 
        )

    [1] => Array
        (
            [id] => 101
            [user_id] => 8
            [name] => sdad
            [amount] => 123.00
            [category] => income
            [date] => 2024-06-26
            [goal_id] => 
            [fee_id] => 
        )

    [2] => Array
        (
            [id] => 102
            [user_id] => 8
            [name] => ssss
            [amount] => -22222.00
            [category] => expense
            [date] => 2024-06-06
            [goal_id] => 
            [fee_id] => 
        )

    [3] => Array
        (
            [id] => 103
            [user_id] => 8
            [name] => Opłata - agd
            [amount] => -1032.00
            [category] => expense
            [date] => 2024-06-05
            [goal_id] => 
            [fee_id] => 28
        )

    [4] => Array
        (
            [id] => 104
            [user_id] => 8
            [name] => Opłata - kurwa
            [amount] => -876.00
            [category] => expense
            [date] => 2024-06-05
            [goal_id] => 
            [fee_id] => 29
        )

    [5] => Array
        (
            [id] => 105
            [user_id] => 8
            [name] => Zasilenie celu
            [amount] => -500.00
            [category] => expense
            [date] => 2024-06-05
            [goal_id] => 10
            [fee_id] => 
        )

)

